<?xml version='1.0' encoding='UTF-8'?>
<testsuite hostname="LAPTOP-LTNVPOA3" name="LexerTest" tests="10" errors="0" failures="0" skipped="0" time="0.228" timestamp="2022-05-26T23:02:26">
          <properties>
      <property name="jline.esc.timeout" value="0"/><property name="java.runtime.name" value="Java(TM) SE Runtime Environment"/><property name="sun.boot.library.path" value="C:\Program Files\Java\jre1.8.0_321\bin"/><property name="java.vm.version" value="25.321-b07"/><property name="user.country.format" value="CH"/><property name="java.vm.vendor" value="Oracle Corporation"/><property name="java.vendor.url" value="http://java.oracle.com/"/><property name="path.separator" value=";"/><property name="jna.loaded" value="true"/><property name="java.vm.name" value="Java HotSpot(TM) 64-Bit Server VM"/><property name="file.encoding.pkg" value="sun.io"/><property name="user.country" value="US"/><property name="user.script" value=""/><property name="sun.java.launcher" value="SUN_STANDARD"/><property name="sun.os.patch.level" value=""/><property name="jna.nosys" value="true"/><property name="java.vm.specification.name" value="Java Virtual Machine Specification"/><property name="user.dir" value="D:\git\NTT"/><property name="java.runtime.version" value="1.8.0_321-b07"/><property name="java.awt.graphicsenv" value="sun.awt.Win32GraphicsEnvironment"/><property name="java.endorsed.dirs" value="C:\Program Files\Java\jre1.8.0_321\lib\endorsed"/><property name="os.arch" value="amd64"/><property name="java.io.tmpdir" value="C:\Users\chris\AppData\Local\Temp\"/><property name="line.separator" value="
"/><property name="java.vm.specification.vendor" value="Oracle Corporation"/><property name="log4j.ignoreTCL" value="true"/><property name="user.variant" value=""/><property name="os.name" value="Windows 10"/><property name="sun.jnu.encoding" value="Cp1252"/><property name="jnidispatch.path" value="C:\Users\chris\AppData\Local\Temp\jna-94639767\jna7135358004299907301.dll"/><property name="java.library.path" value="C:\Program Files\Java\jre1.8.0_321\bin;C:\WINDOWS\Sun\Java\bin;C:\WINDOWS\system32;C:\WINDOWS;C:\Program Files\Java\jre1.8.0_321\bin;C:\Python310\Scripts\;C:\Python310\;D:\Program\CUDA\Development\bin;D:\Program\CUDA\Development\libnvvp;C:\Program Files\Common Files\Oracle\Java\javapath;D:\Program Files\Java\jdk-16.0.2\;C:\Program Files (x86)\Common Files\Intel\Shared Libraries\redist\intel64_win\compiler;C:\Program Files (x86)\Common Files\Oracle\Java\javapath;C:\Program Files (x86)\Intel\Intel(R) Management Engine Components\iCLS\;C:\Program Files\Intel\Intel(R) Management Engine Components\iCLS\;C:\Windows\system32;C:\Windows;C:\Windows\System32\Wbem;C:\Windows\System32\WindowsPowerShell\v1.0\;C:\Windows\System32\OpenSSH\;C:\Program Files (x86)\Intel\Intel(R) Management Engine Components\DAL;C:\Program Files\Intel\Intel(R) Management Engine Components\DAL;C:\Program Files (x86)\Intel\Intel(R) Management Engine Components\IPT;C:\Program Files\Intel\Intel(R) Management Engine Components\IPT;C:\Program Files (x86)\NVIDIA Corporation\PhysX\Common;C:\Program Files\Intel\WiFi\bin\;C:\Program Files\Common Files\Intel\WirelessCommon\;C:\Program Files\dotnet\;D:\Program Files\Git\cmd;D:\Program Files\WorldPainter;C:\WINDOWS\system32;C:\WINDOWS;C:\WINDOWS\System32\Wbem;C:\WINDOWS\System32\WindowsPowerShell\v1.0\;C:\WINDOWS\System32\OpenSSH\;C:\Program Files (x86)\Wolfram Research\WolframScript\;D:\Program Files\Git LFS;C:\ProgramData\chocolatey\bin;D:\Program Files (x86)\GtkSharp\2.12\bin;C:\Program Files\Microsoft SQL Server\130\Tools\Binn\;D:\Program Files\Graphviz\bin;D:\Program Files\CMake\bin;C:\Program Files\NVIDIA Corporation\NVIDIA NvDLISR;D:\Program Files (x86)\sbt\bin;C:\Program Files\Microsoft SQL Server\Client SDK\ODBC\170\Tools\Binn\;C:\Program Files (x86)\dotnet\;D:\Program Files\nodejs\;C:\Users\chris\.cargo\bin;C:\Users\chris\AppData\Local\Programs\Python\Python37\Scripts\;C:\Users\chris\AppData\Local\Programs\Python\Python37\;C:\Users\chris\AppData\Local\Microsoft\WindowsApps;C:\Users\chris\AppData\Local\Programs\Python\Python37\python.exe;D:\Programs\Microsoft VS Code\bin;C:\FFmpeg\bin;C:\Users\chris\AppData\Local\GitHubDesktop\bin;C:\Users\chris\.dotnet\tools;F:\002_Software_dev\JSharp\JSharp\bin\Debug;C:\Users\chris\AppData\Roaming\npm;."/><property name="java.specification.name" value="Java Platform API Specification"/><property name="java.class.version" value="52.0"/><property name="sun.management.compiler" value="HotSpot 64-Bit Tiered Compilers"/><property name="os.version" value="10.0"/><property name="swoval.tmpdir" value="C:\Users\chris\.sbt\1.0"/><property name="user.home" value="C:\Users\chris"/><property name="user.timezone" value="Europe/Paris"/><property name="java.awt.printerjob" value="sun.awt.windows.WPrinterJob"/><property name="file.encoding" value="UTF-8"/><property name="java.specification.version" value="1.8"/><property name="java.class.path" value="D:\Program Files (x86)\sbt\\bin\sbt-launch.jar"/><property name="user.name" value="chris"/><property name="jline.shutdownhook" value="false"/><property name="java.vm.specification.version" value="1.8"/><property name="sun.java.command" value="xsbt.boot.Boot"/><property name="java.home" value="C:\Program Files\Java\jre1.8.0_321"/><property name="sun.arch.data.model" value="64"/><property name="user.language" value="en"/><property name="java.specification.vendor" value="Oracle Corporation"/><property name="user.language.format" value="fr"/><property name="awt.toolkit" value="sun.awt.windows.WToolkit"/><property name="java.vm.info" value="mixed mode"/><property name="java.version" value="1.8.0_321"/><property name="java.ext.dirs" value="C:\Program Files\Java\jre1.8.0_321\lib\ext;C:\WINDOWS\Sun\Java\lib\ext"/><property name="sun.boot.class.path" value="C:\Program Files\Java\jre1.8.0_321\lib\resources.jar;C:\Program Files\Java\jre1.8.0_321\lib\rt.jar;C:\Program Files\Java\jre1.8.0_321\lib\sunrsasign.jar;C:\Program Files\Java\jre1.8.0_321\lib\jsse.jar;C:\Program Files\Java\jre1.8.0_321\lib\jce.jar;C:\Program Files\Java\jre1.8.0_321\lib\charsets.jar;C:\Program Files\Java\jre1.8.0_321\lib\jfr.jar;C:\Program Files\Java\jre1.8.0_321\classes"/><property name="java.vendor" value="Oracle Corporation"/><property name="sun.stderr.encoding" value="cp850"/><property name="file.separator" value="\"/><property name="java.vendor.url.bug" value="http://bugreport.sun.com/bugreport/"/><property name="sun.io.unicode.encoding" value="UnicodeLittle"/><property name="sun.cpu.endian" value="little"/><property name="sun.stdout.encoding" value="cp850"/><property name="sun.desktop" value="windows"/><property name="sun.cpu.isalist" value="amd64"/>
    </properties>
          <testcase classname="LexerTest" name="IntLitToken" time="0.118">
                      
                    </testcase><testcase classname="LexerTest" name="FloatLitToken" time="0.021">
                      
                    </testcase><testcase classname="LexerTest" name="StringLitToken" time="0.038">
                      
                    </testcase><testcase classname="LexerTest" name="BooleanLitToken" time="0.012">
                      
                    </testcase><testcase classname="LexerTest" name="OperatorToken" time="0.003">
                      
                    </testcase><testcase classname="LexerTest" name="DelimiterToken" time="0.001">
                      
                    </testcase><testcase classname="LexerTest" name="KeywordToken" time="0.034">
                      
                    </testcase><testcase classname="LexerTest" name="IdentifierToken" time="0.0">
                      
                    </testcase><testcase classname="LexerTest" name="Remove Space" time="0.0">
                      
                    </testcase><testcase classname="LexerTest" name="Remove Comment" time="0.001">
                      
                    </testcase>
          <system-out><![CDATA[]]></system-out>
          <system-err><![CDATA[]]></system-err>
        </testsuite>